TN:
SF:alexaDateUtil.js
FN:12,(anonymous_0)
FN:81,(anonymous_1)
FN:95,(anonymous_2)
FN:121,(anonymous_3)
FNF:4
FNH:2
FNDA:1,(anonymous_0)
FNDA:1,(anonymous_1)
FNDA:0,(anonymous_2)
FNDA:0,(anonymous_3)
DA:12,1
DA:14,1
DA:48,1
DA:58,1
DA:74,1
DA:82,1
DA:84,1
DA:85,0
DA:87,1
DA:96,0
DA:97,0
DA:100,0
DA:101,0
DA:102,0
DA:103,0
DA:104,0
DA:105,0
DA:107,0
DA:110,0
DA:111,0
DA:112,0
DA:113,0
DA:114,0
DA:122,0
DA:123,0
DA:124,0
DA:126,0
DA:127,0
DA:128,0
DA:129,0
DA:130,0
DA:134,1
LF:32
LH:9
BRDA:84,0,0,0
BRDA:84,0,1,1
BRDA:100,1,0,0
BRDA:100,1,1,0
BRDA:102,2,0,0
BRDA:102,2,1,0
BRDA:104,3,0,0
BRDA:104,3,1,0
BRDA:111,4,0,0
BRDA:111,4,1,0
BRDA:112,5,0,0
BRDA:112,5,1,0
BRDA:124,6,0,0
BRDA:124,6,1,0
BRDA:127,7,0,0
BRDA:127,7,1,0
BRDA:128,8,0,0
BRDA:128,8,1,0
BRF:18
BRH:1
end_of_record
TN:
SF:config.js
FNF:0
FNH:0
DA:6,7
DA:48,7
LF:2
LH:2
BRDA:9,0,0,7
BRDA:9,0,1,0
BRDA:10,1,0,7
BRDA:10,1,1,0
BRDA:17,2,0,7
BRDA:17,2,1,0
BRDA:23,3,0,7
BRDA:23,3,1,0
BRDA:24,4,0,7
BRDA:24,4,1,0
BRF:10
BRH:5
end_of_record
TN:
SF:index.js
FN:22,(anonymous_0)
FN:25,(anonymous_1)
FN:40,(anonymous_2)
FN:44,(anonymous_3)
FN:101,(anonymous_4)
FN:105,(anonymous_5)
FN:178,(anonymous_6)
FN:182,(anonymous_7)
FN:206,(anonymous_8)
FN:210,(anonymous_9)
FN:244,(anonymous_10)
FN:248,(anonymous_11)
FN:282,(anonymous_12)
FN:286,(anonymous_13)
FN:311,(anonymous_14)
FN:315,(anonymous_15)
FN:329,(anonymous_16)
FN:334,(anonymous_17)
FN:347,(anonymous_18)
FN:350,(anonymous_19)
FN:364,(anonymous_20)
FN:367,(anonymous_21)
FNF:22
FNH:0
FNDA:0,(anonymous_0)
FNDA:0,(anonymous_1)
FNDA:0,(anonymous_2)
FNDA:0,(anonymous_3)
FNDA:0,(anonymous_4)
FNDA:0,(anonymous_5)
FNDA:0,(anonymous_6)
FNDA:0,(anonymous_7)
FNDA:0,(anonymous_8)
FNDA:0,(anonymous_9)
FNDA:0,(anonymous_10)
FNDA:0,(anonymous_11)
FNDA:0,(anonymous_12)
FNDA:0,(anonymous_13)
FNDA:0,(anonymous_14)
FNDA:0,(anonymous_15)
FNDA:0,(anonymous_16)
FNDA:0,(anonymous_17)
FNDA:0,(anonymous_18)
FNDA:0,(anonymous_19)
FNDA:0,(anonymous_20)
FNDA:0,(anonymous_21)
DA:6,2
DA:7,2
DA:8,2
DA:9,2
DA:12,2
DA:21,2
DA:23,0
DA:26,0
DA:28,0
DA:39,2
DA:41,0
DA:45,0
DA:47,0
DA:48,0
DA:49,0
DA:51,0
DA:52,0
DA:53,0
DA:58,0
DA:59,0
DA:62,0
DA:63,0
DA:65,0
DA:66,0
DA:72,0
DA:73,0
DA:76,0
DA:77,0
DA:79,0
DA:82,0
DA:89,0
DA:90,0
DA:100,2
DA:102,0
DA:106,0
DA:108,0
DA:109,0
DA:110,0
DA:112,0
DA:113,0
DA:119,0
DA:120,0
DA:122,0
DA:123,0
DA:128,0
DA:129,0
DA:130,0
DA:132,0
DA:134,0
DA:135,0
DA:137,0
DA:139,0
DA:141,0
DA:142,0
DA:144,0
DA:146,0
DA:148,0
DA:149,0
DA:151,0
DA:152,0
DA:154,0
DA:157,0
DA:159,0
DA:166,0
DA:167,0
DA:177,2
DA:179,0
DA:183,0
DA:185,0
DA:187,0
DA:188,0
DA:193,0
DA:195,0
DA:205,2
DA:207,0
DA:211,0
DA:213,0
DA:214,0
DA:216,0
DA:217,0
DA:222,0
DA:223,0
DA:224,0
DA:225,0
DA:227,0
DA:232,0
DA:243,2
DA:245,0
DA:249,0
DA:251,0
DA:252,0
DA:254,0
DA:255,0
DA:260,0
DA:261,0
DA:262,0
DA:263,0
DA:265,0
DA:270,0
DA:281,2
DA:283,0
DA:287,0
DA:289,0
DA:291,0
DA:292,0
DA:297,0
DA:298,0
DA:300,0
DA:310,2
DA:312,0
DA:316,0
DA:318,0
DA:328,2
DA:330,0
DA:335,0
DA:337,0
DA:346,2
DA:348,0
DA:351,0
DA:356,0
DA:363,2
DA:365,0
DA:368,0
DA:370,0
DA:386,2
LF:125
LH:17
BRDA:41,0,0,0
BRDA:41,0,1,0
BRDA:51,1,0,0
BRDA:51,1,1,0
BRDA:65,2,0,0
BRDA:65,2,1,0
BRDA:76,3,0,0
BRDA:76,3,1,0
BRDA:102,4,0,0
BRDA:102,4,1,0
BRDA:112,5,0,0
BRDA:112,5,1,0
BRDA:122,6,0,0
BRDA:122,6,1,0
BRDA:122,7,0,0
BRDA:122,7,1,0
BRDA:132,8,0,0
BRDA:132,8,1,0
BRDA:132,8,2,0
BRDA:132,8,3,0
BRDA:132,8,4,0
BRDA:134,9,0,0
BRDA:134,9,1,0
BRDA:141,10,0,0
BRDA:141,10,1,0
BRDA:179,11,0,0
BRDA:179,11,1,0
BRDA:187,12,0,0
BRDA:187,12,1,0
BRDA:207,13,0,0
BRDA:207,13,1,0
BRDA:216,14,0,0
BRDA:216,14,1,0
BRDA:222,15,0,0
BRDA:222,15,1,0
BRDA:245,16,0,0
BRDA:245,16,1,0
BRDA:254,17,0,0
BRDA:254,17,1,0
BRDA:260,18,0,0
BRDA:260,18,1,0
BRDA:283,19,0,0
BRDA:283,19,1,0
BRDA:291,20,0,0
BRDA:291,20,1,0
BRDA:312,21,0,0
BRDA:312,21,1,0
BRDA:330,22,0,0
BRDA:330,22,1,0
BRDA:330,22,2,0
BRF:50
BRH:0
end_of_record
TN:
SF:test-api.js
FN:3,testWineDatabase
FN:90,(anonymous_1)
FN:92,(anonymous_2)
FNF:3
FNH:0
FNDA:0,testWineDatabase
FNDA:0,(anonymous_1)
FNDA:0,(anonymous_2)
DA:1,0
DA:4,0
DA:6,0
DA:8,0
DA:10,0
DA:11,0
DA:13,0
DA:14,0
DA:15,0
DA:16,0
DA:17,0
DA:18,0
DA:20,0
DA:23,0
DA:26,0
DA:27,0
DA:29,0
DA:30,0
DA:31,0
DA:32,0
DA:33,0
DA:35,0
DA:38,0
DA:41,0
DA:42,0
DA:44,0
DA:45,0
DA:46,0
DA:47,0
DA:48,0
DA:50,0
DA:53,0
DA:56,0
DA:57,0
DA:59,0
DA:60,0
DA:61,0
DA:62,0
DA:64,0
DA:67,0
DA:70,0
DA:71,0
DA:73,0
DA:74,0
DA:75,0
DA:76,0
DA:77,0
DA:79,0
DA:83,0
DA:84,0
DA:85,0
DA:90,0
DA:91,0
DA:93,0
LF:54
LH:0
BRDA:13,0,0,0
BRDA:13,0,1,0
BRDA:13,1,0,0
BRDA:13,1,1,0
BRDA:29,2,0,0
BRDA:29,2,1,0
BRDA:29,3,0,0
BRDA:29,3,1,0
BRDA:44,4,0,0
BRDA:44,4,1,0
BRDA:44,5,0,0
BRDA:44,5,1,0
BRDA:59,6,0,0
BRDA:59,6,1,0
BRDA:59,7,0,0
BRDA:59,7,1,0
BRDA:73,8,0,0
BRDA:73,8,1,0
BRF:18
BRH:0
end_of_record
TN:
SF:utils.js
FN:12,(anonymous_0)
FN:17,(anonymous_1)
FN:20,(anonymous_2)
FN:36,(anonymous_3)
FN:60,(anonymous_4)
FN:89,(anonymous_5)
FN:120,(anonymous_6)
FN:145,(anonymous_7)
FN:186,(anonymous_8)
FN:201,(anonymous_9)
FN:216,(anonymous_10)
FN:231,(anonymous_11)
FNF:12
FNH:11
FNDA:52,(anonymous_0)
FNDA:6,(anonymous_1)
FNDA:0,(anonymous_2)
FNDA:6,(anonymous_3)
FNDA:5,(anonymous_4)
FNDA:4,(anonymous_5)
FNDA:2,(anonymous_6)
FNDA:3,(anonymous_7)
FNDA:3,(anonymous_8)
FNDA:2,(anonymous_9)
FNDA:2,(anonymous_10)
FNDA:1,(anonymous_11)
DA:6,6
DA:11,6
DA:13,52
DA:14,0
DA:18,6
DA:21,0
DA:22,0
DA:30,6
DA:37,6
DA:38,2
DA:42,4
DA:44,4
DA:45,0
DA:48,4
DA:49,1
DA:52,3
DA:61,5
DA:62,1
DA:65,4
DA:66,4
DA:68,4
DA:69,1
DA:75,3
DA:82,6
DA:90,4
DA:91,4
DA:93,3
DA:94,2
DA:95,1
DA:100,1
DA:103,1
DA:104,1
DA:105,0
DA:108,1
DA:110,1
DA:111,1
DA:121,2
DA:122,2
DA:124,2
DA:125,1
DA:128,1
DA:129,1
DA:130,0
DA:133,1
DA:135,0
DA:136,0
DA:146,3
DA:147,3
DA:149,3
DA:151,1
DA:152,1
DA:159,2
DA:160,2
DA:161,1
DA:164,1
DA:165,1
DA:171,0
DA:172,0
DA:180,6
DA:187,3
DA:188,3
DA:189,2
DA:191,1
DA:192,1
DA:202,2
DA:203,2
DA:204,1
DA:205,1
DA:207,1
DA:217,2
DA:218,2
DA:219,2
DA:221,0
DA:222,0
DA:232,1
DA:233,1
DA:234,1
DA:235,1
DA:237,0
DA:242,6
LF:80
LH:67
BRDA:12,0,0,0
BRDA:13,1,0,0
BRDA:13,1,1,52
BRDA:13,2,0,52
BRDA:13,2,1,52
BRDA:14,3,0,0
BRDA:14,3,1,0
BRDA:17,4,0,0
BRDA:18,5,0,6
BRDA:18,5,1,0
BRDA:18,6,0,6
BRDA:18,6,1,2
BRDA:20,7,0,0
BRDA:21,8,0,0
BRDA:21,8,1,0
BRDA:22,9,0,0
BRDA:22,9,1,0
BRDA:37,10,0,2
BRDA:37,10,1,4
BRDA:37,11,0,6
BRDA:37,11,1,4
BRDA:44,12,0,0
BRDA:44,12,1,4
BRDA:48,13,0,1
BRDA:48,13,1,3
BRDA:61,14,0,1
BRDA:61,14,1,4
BRDA:61,15,0,5
BRDA:61,15,1,4
BRDA:68,16,0,1
BRDA:68,16,1,3
BRDA:89,17,0,2
BRDA:91,18,0,4
BRDA:91,18,1,3
BRDA:93,19,0,2
BRDA:93,19,1,1
BRDA:93,20,0,3
BRDA:93,20,1,1
BRDA:94,21,0,1
BRDA:94,21,1,1
BRDA:104,22,0,0
BRDA:104,22,1,1
BRDA:122,23,0,2
BRDA:122,23,1,2
BRDA:124,24,0,1
BRDA:124,24,1,1
BRDA:124,25,0,2
BRDA:124,25,1,1
BRDA:129,26,0,0
BRDA:129,26,1,1
BRDA:147,27,0,3
BRDA:147,27,1,3
BRDA:149,28,0,1
BRDA:149,28,1,2
BRDA:149,29,0,3
BRDA:149,29,1,2
BRDA:160,30,0,1
BRDA:160,30,1,1
BRDA:189,31,0,2
BRDA:189,31,1,1
BRDA:204,32,0,1
BRDA:204,32,1,0
BRDA:219,33,0,2
BRDA:219,33,1,1
BRDA:234,34,0,1
BRDA:234,34,1,0
BRF:66
BRH:50
end_of_record
TN:
SF:wineService.js
FN:16,(anonymous_0)
FN:24,(anonymous_1)
FN:45,(anonymous_2)
FN:58,(anonymous_3)
FN:70,(anonymous_4)
FN:97,(anonymous_5)
FN:114,(anonymous_6)
FN:136,(anonymous_7)
FN:159,(anonymous_8)
FN:168,(anonymous_9)
FN:169,(anonymous_10)
FN:176,(anonymous_11)
FN:178,(anonymous_12)
FN:200,(anonymous_13)
FN:209,(anonymous_14)
FN:210,(anonymous_15)
FN:217,(anonymous_16)
FN:219,(anonymous_17)
FN:241,(anonymous_18)
FN:249,(anonymous_19)
FN:254,(anonymous_20)
FN:257,(anonymous_21)
FNF:22
FNH:19
FNDA:23,(anonymous_0)
FNDA:23,(anonymous_1)
FNDA:10,(anonymous_2)
FNDA:14,(anonymous_3)
FNDA:54,(anonymous_4)
FNDA:1,(anonymous_5)
FNDA:7,(anonymous_6)
FNDA:13,(anonymous_7)
FNDA:4,(anonymous_8)
FNDA:4,(anonymous_9)
FNDA:10,(anonymous_10)
FNDA:0,(anonymous_11)
FNDA:1,(anonymous_12)
FNDA:4,(anonymous_13)
FNDA:4,(anonymous_14)
FNDA:8,(anonymous_15)
FNDA:0,(anonymous_16)
FNDA:1,(anonymous_17)
FNDA:4,(anonymous_18)
FNDA:2,(anonymous_19)
FNDA:4,(anonymous_20)
FNDA:0,(anonymous_21)
DA:6,5
DA:7,5
DA:8,5
DA:9,5
DA:17,23
DA:18,23
DA:25,23
DA:26,23
DA:27,23
DA:28,22
DA:29,22
DA:34,1
DA:35,1
DA:47,10
DA:48,3
DA:51,7
DA:52,7
DA:57,7
DA:58,7
DA:60,14
DA:70,14
DA:71,54
DA:74,14
DA:77,7
DA:78,0
DA:80,7
DA:81,0
DA:83,7
DA:84,0
DA:86,7
DA:87,0
DA:89,7
DA:90,0
DA:93,7
DA:97,7
DA:98,1
DA:100,1
DA:103,1
DA:104,1
DA:107,1
DA:111,7
DA:114,7
DA:116,7
DA:121,7
DA:123,0
DA:127,0
DA:137,13
DA:160,4
DA:161,2
DA:164,2
DA:165,2
DA:167,2
DA:168,2
DA:169,4
DA:170,10
DA:175,2
DA:176,0
DA:178,1
DA:180,2
DA:185,2
DA:187,0
DA:191,0
DA:201,4
DA:202,2
DA:205,2
DA:206,2
DA:208,2
DA:209,2
DA:210,4
DA:211,8
DA:216,2
DA:217,0
DA:219,1
DA:221,2
DA:226,2
DA:228,0
DA:232,0
DA:242,4
DA:244,4
DA:245,4
DA:248,4
DA:249,1
DA:250,2
DA:253,4
DA:254,4
DA:256,4
DA:257,0
DA:260,4
DA:261,1
DA:265,3
DA:266,3
DA:268,3
DA:273,3
DA:275,1
DA:279,1
DA:284,5
LF:96
LH:82
BRDA:45,0,0,8
BRDA:47,1,0,3
BRDA:47,1,1,7
BRDA:47,2,0,10
BRDA:47,2,1,8
BRDA:47,2,2,7
BRDA:74,3,0,7
BRDA:74,3,1,7
BRDA:77,4,0,0
BRDA:77,4,1,7
BRDA:77,5,0,7
BRDA:77,5,1,1
BRDA:80,6,0,0
BRDA:80,6,1,7
BRDA:80,7,0,7
BRDA:80,7,1,0
BRDA:83,8,0,0
BRDA:83,8,1,7
BRDA:83,9,0,7
BRDA:83,9,1,0
BRDA:86,10,0,0
BRDA:86,10,1,7
BRDA:86,11,0,7
BRDA:86,11,1,1
BRDA:89,12,0,0
BRDA:89,12,1,7
BRDA:89,13,0,7
BRDA:89,13,1,0
BRDA:98,14,0,1
BRDA:98,14,1,1
BRDA:100,15,0,1
BRDA:100,15,1,1
BRDA:103,16,0,0
BRDA:103,16,1,1
BRDA:103,17,0,1
BRDA:103,17,1,0
BRDA:104,18,0,0
BRDA:104,18,1,1
BRDA:104,19,0,1
BRDA:104,19,1,1
BRDA:160,20,0,2
BRDA:160,20,1,2
BRDA:160,21,0,4
BRDA:160,21,1,2
BRDA:201,22,0,2
BRDA:201,22,1,2
BRDA:201,23,0,4
BRDA:201,23,1,2
BRDA:241,24,0,1
BRDA:248,25,0,1
BRDA:248,25,1,3
BRDA:253,26,0,2
BRDA:253,26,1,2
BRDA:256,27,0,0
BRDA:256,27,1,4
BRDA:260,28,0,1
BRDA:260,28,1,3
BRF:57
BRH:45
end_of_record
